<?xml version="1.0" encoding="UTF-8"?>
<testsuite xmlns:xsi="http://www.w3.org/2001/XMLSchema-instance" xsi:noNamespaceSchemaLocation="https://maven.apache.org/surefire/maven-surefire-plugin/xsd/surefire-test-report-3.0.xsd" version="3.0" name="com.example.demo.DemoApplicationTests" time="3.859" tests="1" errors="0" skipped="0" failures="0">
  <properties>
[...]
</properties>
  <testcase name="contextLoads" classname="com.example.demo.DemoApplicationTests" time="0.832">
    <system-out><![CDATA[20:22:17.264 [main] INFO org.springframework.test.context.support.AnnotationConfigContextLoaderUtils -- Could not detect default configuration classes for test class [com.example.demo.DemoApplicationTests]: DemoApplicationTests does not declare any static, non-private, non-final, nested classes annotated with @Configuration.
20:22:17.375 [main] INFO org.springframework.boot.test.context.SpringBootTestContextBootstrapper -- Found @SpringBootConfiguration com.example.demo.DemoApplication for test class com.example.demo.DemoApplicationTests

  .   ____          _            __ _ _
 /\\ / ___'_ __ _ _(_)_ __  __ _ \ \ \ \
( ( )\___ | '_ | '_| | '_ \/ _` | \ \ \ \
 \\/  ___)| |_)| | | | | || (_| |  ) ) ) )
  '  |____| .__|_| |_|_| |_\__, | / / / /
 =========|_|==============|___/=/_/_/_/
 :: Spring Boot ::                (v3.1.1)

2024-10-30T20:22:18.023+08:00  INFO 24184 --- [           main] com.example.demo.DemoApplicationTests    : Starting DemoApplicationTests using Java 20.0.2 with PID 24184 (started by 29753 in C:\Users\29753\Desktop\project\java\SpringBoot\demo)
2024-10-30T20:22:18.025+08:00  INFO 24184 --- [           main] com.example.demo.DemoApplicationTests    : No active profile set, falling back to 1 default profile: "default"
2024-10-30T20:22:19.713+08:00  INFO 24184 --- [           main] o.s.s.web.DefaultSecurityFilterChain     : Will secure any request with [org.springframework.security.web.session.DisableEncodeUrlFilter@562919fe, org.springframework.security.web.context.request.async.WebAsyncManagerIntegrationFilter@794f11cd, org.springframework.security.web.context.SecurityContextHolderFilter@4b425577, org.springframework.security.web.header.HeaderWriterFilter@50085d9c, org.springframework.security.web.authentication.logout.LogoutFilter@10a18e3e, org.springframework.security.web.authentication.UsernamePasswordAuthenticationFilter@4cc01c7f, org.springframework.security.web.savedrequest.RequestCacheAwareFilter@3bb9ca38, org.springframework.security.web.servletapi.SecurityContextHolderAwareRequestFilter@43471a7e, org.springframework.security.web.authentication.AnonymousAuthenticationFilter@715f45c6, org.springframework.security.web.access.ExceptionTranslationFilter@4bf80c29, org.springframework.security.web.access.intercept.AuthorizationFilter@2b80e5a9]
2024-10-30T20:22:20.097+08:00  INFO 24184 --- [           main] com.example.demo.DemoApplicationTests    : Started DemoApplicationTests in 2.536 seconds (process running for 3.62)
我是自定义执行！！
student
]]></system-out>
  </testcase>
</testsuite>